2014/07/04 13:21:21 INFO  - jmeter.util.JMeterUtils: Setting Locale to en_US 
2014/07/04 13:21:21 INFO  - jmeter.JMeter: Loading user properties from: /usr/local/Cellar/jmeter/2.10/libexec/bin/user.properties 
2014/07/04 13:21:21 INFO  - jmeter.JMeter: Loading system properties from: /usr/local/Cellar/jmeter/2.10/libexec/bin/system.properties 
2014/07/04 13:21:22 INFO  - jmeter.JMeter: Copyright (c) 1998-2013 The Apache Software Foundation 
2014/07/04 13:21:22 INFO  - jmeter.JMeter: Version 2.10 r1533061 
2014/07/04 13:21:22 INFO  - jmeter.JMeter: java.version=1.7.0_51 
2014/07/04 13:21:22 INFO  - jmeter.JMeter: java.vm.name=Java HotSpot(TM) 64-Bit Server VM 
2014/07/04 13:21:22 INFO  - jmeter.JMeter: os.name=Mac OS X 
2014/07/04 13:21:22 INFO  - jmeter.JMeter: os.arch=x86_64 
2014/07/04 13:21:22 INFO  - jmeter.JMeter: os.version=10.9.1 
2014/07/04 13:21:22 INFO  - jmeter.JMeter: file.encoding=UTF-8 
2014/07/04 13:21:22 INFO  - jmeter.JMeter: Default Locale=English (United States) 
2014/07/04 13:21:22 INFO  - jmeter.JMeter: JMeter  Locale=English (United States) 
2014/07/04 13:21:22 INFO  - jmeter.JMeter: JMeterHome=/usr/local/Cellar/jmeter/2.10/libexec 
2014/07/04 13:21:22 INFO  - jmeter.JMeter: user.dir  =/Users/Felix/CloudBees/github/spring-petclinic-clickstart 
2014/07/04 13:21:22 INFO  - jmeter.JMeter: PWD       =/Users/Felix/CloudBees/github/spring-petclinic-clickstart 
2014/07/04 13:21:22 INFO  - jmeter.JMeter: IP: 192.168.0.6 Name: Felixs-MacBook-Pro.local FullName: 192.168.0.6 
2014/07/04 13:21:22 INFO  - jmeter.JMeter: Loaded icon properties from org/apache/jmeter/images/icon.properties 
2014/07/04 13:21:26 INFO  - jmeter.engine.util.CompoundVariable: Note: Function class names must contain the string: '.functions.' 
2014/07/04 13:21:26 INFO  - jmeter.engine.util.CompoundVariable: Note: Function class names must not contain the string: '.gui.' 
2014/07/04 13:21:27 INFO  - jmeter.gui.action.LookAndFeelCommand: Using look and feel: com.apple.laf.AquaLookAndFeel [Mac OS X, System] 
2014/07/04 13:21:28 INFO  - jmeter.util.BSFTestElement: Registering JMeter version of JavaScript engine as work-round for BSF-22 
2014/07/04 13:21:29 INFO  - jmeter.protocol.http.sampler.HTTPSamplerBase: Cannot find .className property for htmlParser, using default 
2014/07/04 13:21:29 INFO  - jmeter.protocol.http.sampler.HTTPSamplerBase: Parser for text/html is  
2014/07/04 13:21:29 INFO  - jmeter.protocol.http.sampler.HTTPSamplerBase: Parser for application/xhtml+xml is  
2014/07/04 13:21:29 INFO  - jmeter.protocol.http.sampler.HTTPSamplerBase: Parser for application/xml is  
2014/07/04 13:21:29 INFO  - jmeter.protocol.http.sampler.HTTPSamplerBase: Parser for text/xml is  
2014/07/04 13:21:29 INFO  - jmeter.protocol.http.sampler.HTTPSamplerBase: Parser for text/vnd.wap.wml is org.apache.jmeter.protocol.http.parser.RegexpHTMLParser 
2014/07/04 13:21:29 INFO  - jmeter.gui.util.MenuFactory: Skipping org.apache.jmeter.protocol.http.control.gui.WebServiceSamplerGui 
2014/07/04 13:21:29 INFO  - jmeter.gui.util.MenuFactory: Skipping org.apache.jmeter.protocol.http.modifier.gui.ParamModifierGui 
2014/07/04 13:21:29 INFO  - jmeter.protocol.http.proxy.ProxyControl: HTTP(S) Test Script Recorder SSL Proxy will use keys that support embedded 3rd party resources in file /usr/local/Cellar/jmeter/2.10/libexec/bin/proxyserver.jks 
2014/07/04 13:21:30 INFO  - jmeter.samplers.SampleResult: Note: Sample TimeStamps are START times 
2014/07/04 13:21:30 INFO  - jmeter.samplers.SampleResult: sampleresult.default.encoding is set to ISO-8859-1 
2014/07/04 13:21:30 INFO  - jmeter.samplers.SampleResult: sampleresult.useNanoTime=true 
2014/07/04 13:21:30 INFO  - jmeter.samplers.SampleResult: sampleresult.nanoThreadSleep=5000 
2014/07/04 13:21:39 INFO  - jmeter.services.FileServer: Default base='/Users/Felix/CloudBees/github/spring-petclinic-clickstart' 
2014/07/04 13:21:39 INFO  - jmeter.gui.action.Load: Loading file: /Users/Felix/CloudBees/github/spring-petclinic-clickstart/src/main/jmeter/jmeter-tests.jmx 
2014/07/04 13:21:39 INFO  - jmeter.services.FileServer: Set new base='/Users/Felix/CloudBees/github/spring-petclinic-clickstart/src/main/jmeter' 
2014/07/04 13:21:39 INFO  - jmeter.save.SaveService: Testplan (JMX) version: 2.2. Testlog (JTL) version: 2.2 
2014/07/04 13:21:39 INFO  - jmeter.save.SaveService: Using SaveService properties file encoding UTF-8 
2014/07/04 13:21:39 INFO  - jmeter.save.SaveService: Using SaveService properties version 2.5 
2014/07/04 13:21:39 INFO  - jmeter.save.SaveService: Using SaveService properties file version 1519088 
2014/07/04 13:21:39 INFO  - jmeter.save.SaveService: All converter versions present and correct 
2014/07/04 13:21:39 INFO  - jmeter.services.FileServer: Set new base='/Users/Felix/CloudBees/github/spring-petclinic-clickstart/src/main/jmeter' 
2014/07/04 13:21:54 INFO  - jmeter.engine.StandardJMeterEngine: Listeners will be started after enabling running version 
2014/07/04 13:21:54 INFO  - jmeter.engine.StandardJMeterEngine: To revert to the earlier behaviour, define jmeterengine.startlistenerslater=false 
2014/07/04 13:21:54 INFO  - jmeter.engine.StandardJMeterEngine: Running the test! 
2014/07/04 13:21:54 INFO  - jmeter.samplers.SampleEvent: List of sample_variables: [] 
2014/07/04 13:21:54 INFO  - jmeter.samplers.SampleEvent: List of sample_variables: [] 
2014/07/04 13:21:54 INFO  - jmeter.gui.util.JMeterMenuBar: setRunning(true,*local*) 
2014/07/04 13:21:55 INFO  - jmeter.engine.StandardJMeterEngine: Starting ThreadGroup: 1 : Thread Group 
2014/07/04 13:21:55 INFO  - jmeter.engine.StandardJMeterEngine: Starting 5 threads for group Thread Group. 
2014/07/04 13:21:55 INFO  - jmeter.engine.StandardJMeterEngine: Thread will continue on error 
2014/07/04 13:21:55 INFO  - jmeter.threads.ThreadGroup: Starting thread group number 1 threads 5 ramp-up 20 perThread 4000.0 delayedStart=false 
2014/07/04 13:21:55 INFO  - jmeter.threads.JMeterThread: jmeterthread.startearlier=true (see jmeter.properties) 
2014/07/04 13:21:55 INFO  - jmeter.threads.JMeterThread: Running PostProcessors in forward order 
2014/07/04 13:21:55 INFO  - jmeter.threads.JMeterThread: Thread started: Thread Group 1-1 
2014/07/04 13:21:55 INFO  - jmeter.threads.ThreadGroup: Started thread group number 1 
2014/07/04 13:21:55 INFO  - jmeter.engine.StandardJMeterEngine: All thread groups have been started 
2014/07/04 13:21:55 INFO  - jmeter.protocol.http.sampler.HTTPHCAbstractImpl: Local host = Felixs-MacBook-Pro.local 
2014/07/04 13:21:55 INFO  - jmeter.protocol.http.sampler.HTTPHC4Impl: HTTP request retry count = 0 
2014/07/04 13:21:55 INFO  - jmeter.protocol.http.sampler.HTTPHC4Impl: Setting up HTTPS TrustAll scheme 
2014/07/04 13:21:55 INFO  - jmeter.util.JsseSSLManager: Using default SSL protocol: TLS 
2014/07/04 13:21:55 INFO  - jmeter.util.JsseSSLManager: SSL session context: per-thread 
2014/07/04 13:21:55 INFO  - jmeter.threads.JMeterThread: Thread finished: Thread Group 1-1 
2014/07/04 13:21:59 INFO  - jmeter.threads.JMeterThread: Thread started: Thread Group 1-2 
2014/07/04 13:21:59 INFO  - jmeter.threads.JMeterThread: Thread finished: Thread Group 1-2 
2014/07/04 13:22:03 INFO  - jmeter.threads.JMeterThread: Thread started: Thread Group 1-3 
2014/07/04 13:22:03 INFO  - jmeter.threads.JMeterThread: Thread finished: Thread Group 1-3 
2014/07/04 13:22:07 INFO  - jmeter.threads.JMeterThread: Thread started: Thread Group 1-4 
2014/07/04 13:22:07 INFO  - jmeter.threads.JMeterThread: Thread finished: Thread Group 1-4 
2014/07/04 13:22:11 INFO  - jmeter.threads.JMeterThread: Thread started: Thread Group 1-5 
2014/07/04 13:22:11 INFO  - jmeter.threads.JMeterThread: Thread finished: Thread Group 1-5 
2014/07/04 13:22:11 INFO  - jmeter.engine.StandardJMeterEngine: Notifying test listeners of end of test 
2014/07/04 13:22:11 INFO  - jmeter.gui.util.JMeterMenuBar: setRunning(false,*local*) 
2014/07/04 13:22:34 INFO  - jmeter.engine.StandardJMeterEngine: Running the test! 
2014/07/04 13:22:34 INFO  - jmeter.samplers.SampleEvent: List of sample_variables: [] 
2014/07/04 13:22:34 INFO  - jmeter.gui.util.JMeterMenuBar: setRunning(true,*local*) 
2014/07/04 13:22:34 INFO  - jmeter.engine.StandardJMeterEngine: Starting ThreadGroup: 1 : Thread Group 
2014/07/04 13:22:34 INFO  - jmeter.engine.StandardJMeterEngine: Starting 5 threads for group Thread Group. 
2014/07/04 13:22:34 INFO  - jmeter.engine.StandardJMeterEngine: Thread will continue on error 
2014/07/04 13:22:34 INFO  - jmeter.threads.ThreadGroup: Starting thread group number 1 threads 5 ramp-up 20 perThread 4000.0 delayedStart=false 
2014/07/04 13:22:34 INFO  - jmeter.threads.JMeterThread: Thread started: Thread Group 1-1 
2014/07/04 13:22:34 INFO  - jmeter.threads.ThreadGroup: Started thread group number 1 
2014/07/04 13:22:34 INFO  - jmeter.engine.StandardJMeterEngine: All thread groups have been started 
2014/07/04 13:22:35 INFO  - jmeter.threads.JMeterThread: Thread finished: Thread Group 1-1 
2014/07/04 13:22:38 INFO  - jmeter.threads.JMeterThread: Thread started: Thread Group 1-2 
2014/07/04 13:22:39 INFO  - jmeter.threads.JMeterThread: Thread finished: Thread Group 1-2 
2014/07/04 13:22:42 INFO  - jmeter.threads.JMeterThread: Thread started: Thread Group 1-3 
2014/07/04 13:22:43 INFO  - jmeter.threads.JMeterThread: Thread finished: Thread Group 1-3 
2014/07/04 13:22:46 INFO  - jmeter.threads.JMeterThread: Thread started: Thread Group 1-4 
2014/07/04 13:22:47 INFO  - jmeter.threads.JMeterThread: Thread finished: Thread Group 1-4 
2014/07/04 13:22:50 INFO  - jmeter.threads.JMeterThread: Thread started: Thread Group 1-5 
2014/07/04 13:22:51 INFO  - jmeter.threads.JMeterThread: Thread finished: Thread Group 1-5 
2014/07/04 13:22:51 INFO  - jmeter.engine.StandardJMeterEngine: Notifying test listeners of end of test 
2014/07/04 13:22:51 INFO  - jmeter.gui.util.JMeterMenuBar: setRunning(false,*local*) 
